<?xml version="1.0" encoding="UTF-8"?>
<!-- Generated by org.testng.reporters.JUnitXMLReporter -->
<testsuite hostname="Nikita-PC" ignored="0" name="Test" tests="12" failures="4" timestamp="08 Jun 2018 01:39:50 GMT" time="19.222" errors="0">
  <testcase name="Verify_user_can_Login_in_with_valid_Email_and_Password_combination" time="4.902" classname="testNG.TestCasesForLogin"/>
  <testcase name="Verify_user_cannot_login_with_blank_Email_field" time="1.043" classname="testNG.TestCasesForLogin"/>
  <testcase name="Verify_user_cannot_login_with_blank_Password_field" time="0.951" classname="testNG.TestCasesForLogin"/>
  <testcase name="Verify_Forgot_your_password_will_redirect_user_to_How_to_reset_password_page" time="0.824" classname="testNG.TestCasesForLogin">
    <failure type="org.openqa.selenium.WebDriverException" message="unknown error: Element &amp;lt;a class=&amp;quot;text-muted&amp;quot; ui-sref=&amp;quot;auth.passReset({email: SignInCtrl.data.email})&amp;quot; href=&amp;quot;/password-reset.html&amp;quot;&amp;gt;...&amp;lt;/a&amp;gt; is not clickable at point (595, 339). Other element would receive the click: &amp;lt;div class=&amp;quot;content&amp;quot;&amp;gt;...&amp;lt;/div&amp;gt;
  (Session info: chrome=67.0.3396.79)
  (Driver info: chromedriver=2.38.552522 (437e6fbedfa8762dec75e2c5b3ddb86763dc9dcb),platform=Windows NT 6.1.7601 SP1 x86_64) (WARNING: The server did not provide any stacktrace information)
Command duration or timeout: 0 milliseconds
Build info: version: &amp;apos;3.5.3&amp;apos;, revision: &amp;apos;a88d25fe6b&amp;apos;, time: &amp;apos;2017-08-29T12:42:44.417Z&amp;apos;
System info: host: &amp;apos;NIKITA-PC&amp;apos;, ip: &amp;apos;172.31.98.120&amp;apos;, os.name: &amp;apos;Windows 7&amp;apos;, os.arch: &amp;apos;amd64&amp;apos;, os.version: &amp;apos;6.1&amp;apos;, java.version: &amp;apos;1.8.0_152&amp;apos;
Driver info: org.openqa.selenium.chrome.ChromeDriver
Capabilities [{mobileEmulationEnabled=false, hasTouchScreen=false, platform=XP, acceptSslCerts=false, acceptInsecureCerts=false, webStorageEnabled=true, browserName=chrome, takesScreenshot=true, javascriptEnabled=true, platformName=XP, setWindowRect=true, unexpectedAlertBehaviour=, applicationCacheEnabled=false, rotatable=false, networkConnectionEnabled=false, chrome={chromedriverVersion=2.38.552522 (437e6fbedfa8762dec75e2c5b3ddb86763dc9dcb), userDataDir=d:\temp\scoped_dir8380_248}, takesHeapSnapshot=true, pageLoadStrategy=normal, unhandledPromptBehavior=, databaseEnabled=false, handlesAlerts=true, version=67.0.3396.79, browserConnectionEnabled=false, nativeEvents=true, locationContextEnabled=true, cssSelectorsEnabled=true}]
Session ID: b16bd903249942ac9758f5f7adc7d879">
      <![CDATA[org.openqa.selenium.WebDriverException: unknown error: Element <a class="text-muted" ui-sref="auth.passReset({email: SignInCtrl.data.email})" href="/password-reset.html">...</a> is not clickable at point (595, 339). Other element would receive the click: <div class="content">...</div>  (Session info: chrome=67.0.3396.79)  (Driver info: chromedriver=2.38.552522 (437e6fbedfa8762dec75e2c5b3ddb86763dc9dcb),platform=Windows NT 6.1.7601 SP1 x86_64) (WARNING: The server did not provide any stacktrace information)Command duration or timeout: 0 millisecondsBuild info: version: '3.5.3', revision: 'a88d25fe6b', time: '2017-08-29T12:42:44.417Z'System info: host: 'NIKITA-PC', ip: '172.31.98.120', os.name: 'Windows 7', os.arch: 'amd64', os.version: '6.1', java.version: '1.8.0_152'Driver info: org.openqa.selenium.chrome.ChromeDriverCapabilities [{mobileEmulationEnabled=false, hasTouchScreen=false, platform=XP, acceptSslCerts=false, acceptInsecureCerts=false, webStorageEnabled=true, browserName=chrome, takesScreenshot=true, javascriptEnabled=true, platformName=XP, setWindowRect=true, unexpectedAlertBehaviour=, applicationCacheEnabled=false, rotatable=false, networkConnectionEnabled=false, chrome={chromedriverVersion=2.38.552522 (437e6fbedfa8762dec75e2c5b3ddb86763dc9dcb), userDataDir=d:\temp\scoped_dir8380_248}, takesHeapSnapshot=true, pageLoadStrategy=normal, unhandledPromptBehavior=, databaseEnabled=false, handlesAlerts=true, version=67.0.3396.79, browserConnectionEnabled=false, nativeEvents=true, locationContextEnabled=true, cssSelectorsEnabled=true}]Session ID: b16bd903249942ac9758f5f7adc7d879at org.openqa.selenium.remote.ErrorHandler.createThrowable(ErrorHandler.java:215)at org.openqa.selenium.remote.ErrorHandler.throwIfResponseFailed(ErrorHandler.java:167)at org.openqa.selenium.remote.http.JsonHttpResponseCodec.reconstructValue(JsonHttpResponseCodec.java:40)at org.openqa.selenium.remote.http.AbstractHttpResponseCodec.decode(AbstractHttpResponseCodec.java:82)at org.openqa.selenium.remote.http.AbstractHttpResponseCodec.decode(AbstractHttpResponseCodec.java:45)at org.openqa.selenium.remote.HttpCommandExecutor.execute(HttpCommandExecutor.java:164)at org.openqa.selenium.remote.service.DriverCommandExecutor.execute(DriverCommandExecutor.java:82)at org.openqa.selenium.remote.RemoteWebDriver.execute(RemoteWebDriver.java:646)at org.openqa.selenium.remote.RemoteWebElement.execute(RemoteWebElement.java:275)at org.openqa.selenium.remote.RemoteWebElement.click(RemoteWebElement.java:82)at org.openqa.selenium.support.pagefactory.internal.LocatingElementHandler.invoke(LocatingElementHandler.java:51)at com.sun.proxy.$Proxy8.click(Unknown Source)at pageObjects.LoginPage.clickPasswordReset(LoginPage.java:84)at testNG.TestCasesForLogin.Verify_Forgot_your_password_will_redirect_user_to_How_to_reset_password_page(TestCasesForLogin.java:54)... Removed 37 stack frames]]>
    </failure>
  </testcase> <!-- Verify_Forgot_your_password_will_redirect_user_to_How_to_reset_password_page -->
  <testcase name="Verify_that_user_receives_email_to_reset_password_after_entering_valid_email_address_in_Password_Reset_screen" time="0.639" classname="testNG.TestCasesForLogin">
    <failure type="org.openqa.selenium.WebDriverException" message="unknown error: Element &amp;lt;a class=&amp;quot;text-muted&amp;quot; ui-sref=&amp;quot;auth.passReset({email: SignInCtrl.data.email})&amp;quot; href=&amp;quot;/password-reset.html&amp;quot;&amp;gt;...&amp;lt;/a&amp;gt; is not clickable at point (595, 339). Other element would receive the click: &amp;lt;div class=&amp;quot;content&amp;quot;&amp;gt;...&amp;lt;/div&amp;gt;
  (Session info: chrome=67.0.3396.79)
  (Driver info: chromedriver=2.38.552522 (437e6fbedfa8762dec75e2c5b3ddb86763dc9dcb),platform=Windows NT 6.1.7601 SP1 x86_64) (WARNING: The server did not provide any stacktrace information)
Command duration or timeout: 0 milliseconds
Build info: version: &amp;apos;3.5.3&amp;apos;, revision: &amp;apos;a88d25fe6b&amp;apos;, time: &amp;apos;2017-08-29T12:42:44.417Z&amp;apos;
System info: host: &amp;apos;NIKITA-PC&amp;apos;, ip: &amp;apos;172.31.98.120&amp;apos;, os.name: &amp;apos;Windows 7&amp;apos;, os.arch: &amp;apos;amd64&amp;apos;, os.version: &amp;apos;6.1&amp;apos;, java.version: &amp;apos;1.8.0_152&amp;apos;
Driver info: org.openqa.selenium.chrome.ChromeDriver
Capabilities [{mobileEmulationEnabled=false, hasTouchScreen=false, platform=XP, acceptSslCerts=false, acceptInsecureCerts=false, webStorageEnabled=true, browserName=chrome, takesScreenshot=true, javascriptEnabled=true, platformName=XP, setWindowRect=true, unexpectedAlertBehaviour=, applicationCacheEnabled=false, rotatable=false, networkConnectionEnabled=false, chrome={chromedriverVersion=2.38.552522 (437e6fbedfa8762dec75e2c5b3ddb86763dc9dcb), userDataDir=d:\temp\scoped_dir8380_248}, takesHeapSnapshot=true, pageLoadStrategy=normal, unhandledPromptBehavior=, databaseEnabled=false, handlesAlerts=true, version=67.0.3396.79, browserConnectionEnabled=false, nativeEvents=true, locationContextEnabled=true, cssSelectorsEnabled=true}]
Session ID: b16bd903249942ac9758f5f7adc7d879">
      <![CDATA[org.openqa.selenium.WebDriverException: unknown error: Element <a class="text-muted" ui-sref="auth.passReset({email: SignInCtrl.data.email})" href="/password-reset.html">...</a> is not clickable at point (595, 339). Other element would receive the click: <div class="content">...</div>  (Session info: chrome=67.0.3396.79)  (Driver info: chromedriver=2.38.552522 (437e6fbedfa8762dec75e2c5b3ddb86763dc9dcb),platform=Windows NT 6.1.7601 SP1 x86_64) (WARNING: The server did not provide any stacktrace information)Command duration or timeout: 0 millisecondsBuild info: version: '3.5.3', revision: 'a88d25fe6b', time: '2017-08-29T12:42:44.417Z'System info: host: 'NIKITA-PC', ip: '172.31.98.120', os.name: 'Windows 7', os.arch: 'amd64', os.version: '6.1', java.version: '1.8.0_152'Driver info: org.openqa.selenium.chrome.ChromeDriverCapabilities [{mobileEmulationEnabled=false, hasTouchScreen=false, platform=XP, acceptSslCerts=false, acceptInsecureCerts=false, webStorageEnabled=true, browserName=chrome, takesScreenshot=true, javascriptEnabled=true, platformName=XP, setWindowRect=true, unexpectedAlertBehaviour=, applicationCacheEnabled=false, rotatable=false, networkConnectionEnabled=false, chrome={chromedriverVersion=2.38.552522 (437e6fbedfa8762dec75e2c5b3ddb86763dc9dcb), userDataDir=d:\temp\scoped_dir8380_248}, takesHeapSnapshot=true, pageLoadStrategy=normal, unhandledPromptBehavior=, databaseEnabled=false, handlesAlerts=true, version=67.0.3396.79, browserConnectionEnabled=false, nativeEvents=true, locationContextEnabled=true, cssSelectorsEnabled=true}]Session ID: b16bd903249942ac9758f5f7adc7d879at org.openqa.selenium.remote.ErrorHandler.createThrowable(ErrorHandler.java:215)at org.openqa.selenium.remote.ErrorHandler.throwIfResponseFailed(ErrorHandler.java:167)at org.openqa.selenium.remote.http.JsonHttpResponseCodec.reconstructValue(JsonHttpResponseCodec.java:40)at org.openqa.selenium.remote.http.AbstractHttpResponseCodec.decode(AbstractHttpResponseCodec.java:82)at org.openqa.selenium.remote.http.AbstractHttpResponseCodec.decode(AbstractHttpResponseCodec.java:45)at org.openqa.selenium.remote.HttpCommandExecutor.execute(HttpCommandExecutor.java:164)at org.openqa.selenium.remote.service.DriverCommandExecutor.execute(DriverCommandExecutor.java:82)at org.openqa.selenium.remote.RemoteWebDriver.execute(RemoteWebDriver.java:646)at org.openqa.selenium.remote.RemoteWebElement.execute(RemoteWebElement.java:275)at org.openqa.selenium.remote.RemoteWebElement.click(RemoteWebElement.java:82)at org.openqa.selenium.support.pagefactory.internal.LocatingElementHandler.invoke(LocatingElementHandler.java:51)at com.sun.proxy.$Proxy8.click(Unknown Source)at pageObjects.LoginPage.clickPasswordReset(LoginPage.java:84)at testNG.TestCasesForLogin.Verify_that_user_receives_email_to_reset_password_after_entering_valid_email_address_in_Password_Reset_screen(TestCasesForLogin.java:63)... Removed 37 stack frames]]>
    </failure>
  </testcase> <!-- Verify_that_user_receives_email_to_reset_password_after_entering_valid_email_address_in_Password_Reset_screen -->
  <testcase name="Verify_that_the_Forgot_Password_field_does_not_accept_invalid_email" time="1.253" classname="testNG.TestCasesForLogin">
    <failure type="org.openqa.selenium.WebDriverException" message="unknown error: Element &amp;lt;button class=&amp;quot;btn btn-danger btn-block&amp;quot;&amp;gt;...&amp;lt;/button&amp;gt; is not clickable at point (517, 374). Other element would receive the click: &amp;lt;button class=&amp;quot;btn btn-block btn-primary mt-lg&amp;quot; id=&amp;quot;login&amp;quot;&amp;gt;...&amp;lt;/button&amp;gt;
  (Session info: chrome=67.0.3396.79)
  (Driver info: chromedriver=2.38.552522 (437e6fbedfa8762dec75e2c5b3ddb86763dc9dcb),platform=Windows NT 6.1.7601 SP1 x86_64) (WARNING: The server did not provide any stacktrace information)
Command duration or timeout: 0 milliseconds
Build info: version: &amp;apos;3.5.3&amp;apos;, revision: &amp;apos;a88d25fe6b&amp;apos;, time: &amp;apos;2017-08-29T12:42:44.417Z&amp;apos;
System info: host: &amp;apos;NIKITA-PC&amp;apos;, ip: &amp;apos;172.31.98.120&amp;apos;, os.name: &amp;apos;Windows 7&amp;apos;, os.arch: &amp;apos;amd64&amp;apos;, os.version: &amp;apos;6.1&amp;apos;, java.version: &amp;apos;1.8.0_152&amp;apos;
Driver info: org.openqa.selenium.chrome.ChromeDriver
Capabilities [{mobileEmulationEnabled=false, hasTouchScreen=false, platform=XP, acceptSslCerts=false, acceptInsecureCerts=false, webStorageEnabled=true, browserName=chrome, takesScreenshot=true, javascriptEnabled=true, platformName=XP, setWindowRect=true, unexpectedAlertBehaviour=, applicationCacheEnabled=false, rotatable=false, networkConnectionEnabled=false, chrome={chromedriverVersion=2.38.552522 (437e6fbedfa8762dec75e2c5b3ddb86763dc9dcb), userDataDir=d:\temp\scoped_dir8380_248}, takesHeapSnapshot=true, pageLoadStrategy=normal, unhandledPromptBehavior=, databaseEnabled=false, handlesAlerts=true, version=67.0.3396.79, browserConnectionEnabled=false, nativeEvents=true, locationContextEnabled=true, cssSelectorsEnabled=true}]
Session ID: b16bd903249942ac9758f5f7adc7d879">
      <![CDATA[org.openqa.selenium.WebDriverException: unknown error: Element <button class="btn btn-danger btn-block">...</button> is not clickable at point (517, 374). Other element would receive the click: <button class="btn btn-block btn-primary mt-lg" id="login">...</button>  (Session info: chrome=67.0.3396.79)  (Driver info: chromedriver=2.38.552522 (437e6fbedfa8762dec75e2c5b3ddb86763dc9dcb),platform=Windows NT 6.1.7601 SP1 x86_64) (WARNING: The server did not provide any stacktrace information)Command duration or timeout: 0 millisecondsBuild info: version: '3.5.3', revision: 'a88d25fe6b', time: '2017-08-29T12:42:44.417Z'System info: host: 'NIKITA-PC', ip: '172.31.98.120', os.name: 'Windows 7', os.arch: 'amd64', os.version: '6.1', java.version: '1.8.0_152'Driver info: org.openqa.selenium.chrome.ChromeDriverCapabilities [{mobileEmulationEnabled=false, hasTouchScreen=false, platform=XP, acceptSslCerts=false, acceptInsecureCerts=false, webStorageEnabled=true, browserName=chrome, takesScreenshot=true, javascriptEnabled=true, platformName=XP, setWindowRect=true, unexpectedAlertBehaviour=, applicationCacheEnabled=false, rotatable=false, networkConnectionEnabled=false, chrome={chromedriverVersion=2.38.552522 (437e6fbedfa8762dec75e2c5b3ddb86763dc9dcb), userDataDir=d:\temp\scoped_dir8380_248}, takesHeapSnapshot=true, pageLoadStrategy=normal, unhandledPromptBehavior=, databaseEnabled=false, handlesAlerts=true, version=67.0.3396.79, browserConnectionEnabled=false, nativeEvents=true, locationContextEnabled=true, cssSelectorsEnabled=true}]Session ID: b16bd903249942ac9758f5f7adc7d879at org.openqa.selenium.remote.ErrorHandler.createThrowable(ErrorHandler.java:215)at org.openqa.selenium.remote.ErrorHandler.throwIfResponseFailed(ErrorHandler.java:167)at org.openqa.selenium.remote.http.JsonHttpResponseCodec.reconstructValue(JsonHttpResponseCodec.java:40)at org.openqa.selenium.remote.http.AbstractHttpResponseCodec.decode(AbstractHttpResponseCodec.java:82)at org.openqa.selenium.remote.http.AbstractHttpResponseCodec.decode(AbstractHttpResponseCodec.java:45)at org.openqa.selenium.remote.HttpCommandExecutor.execute(HttpCommandExecutor.java:164)at org.openqa.selenium.remote.service.DriverCommandExecutor.execute(DriverCommandExecutor.java:82)at org.openqa.selenium.remote.RemoteWebDriver.execute(RemoteWebDriver.java:646)at org.openqa.selenium.remote.RemoteWebElement.execute(RemoteWebElement.java:275)at org.openqa.selenium.remote.RemoteWebElement.click(RemoteWebElement.java:82)at org.openqa.selenium.support.pagefactory.internal.LocatingElementHandler.invoke(LocatingElementHandler.java:51)at com.sun.proxy.$Proxy8.click(Unknown Source)at pageObjects.LoginPage.clickReset(LoginPage.java:90)at testNG.TestCasesForLogin.Verify_that_the_Forgot_Password_field_does_not_accept_invalid_email(TestCasesForLogin.java:83)... Removed 37 stack frames]]>
    </failure>
  </testcase> <!-- Verify_that_the_Forgot_Password_field_does_not_accept_invalid_email -->
  <testcase name="Verify_that_user_can_copy_and_paste_email_field_info" time="0.792" classname="testNG.TestCasesForLogin"/>
  <testcase name="Verify_user_cannot_copypaste_values_from_Password_and_Retype_password_fields" time="0.669" classname="testNG.TestCasesForLogin"/>
  <testcase name="Verify_Password_field_masks_users_input_with_bullets" time="0.582" classname="testNG.TestCasesForLogin"/>
  <testcase name="Verify_user_cannot_login_with_an_invalid_password" time="1.167" classname="testNG.TestCasesForLogin"/>
  <testcase name="Verify_user_cannot_login_with_an_invalid_email_address" time="1.266" classname="testNG.TestCasesForLogin"/>
  <testcase name="Verify_Register_Now_in_login_page_will_redirect_user_to_the_registration_page" time="0.583" classname="testNG.TestCasesForLogin">
    <failure type="org.openqa.selenium.WebDriverException" message="unknown error: Element &amp;lt;a class=&amp;quot;btn btn-block btn-default&amp;quot; ui-sref=&amp;quot;auth.signUp&amp;quot; href=&amp;quot;/sign-up.html&amp;quot;&amp;gt;...&amp;lt;/a&amp;gt; is not clickable at point (517, 476). Other element would receive the click: &amp;lt;div class=&amp;quot;cover&amp;quot; ng-class=&amp;quot;{&amp;apos;active&amp;apos;: $ctrl.isActive}&amp;quot;&amp;gt;...&amp;lt;/div&amp;gt;
  (Session info: chrome=67.0.3396.79)
  (Driver info: chromedriver=2.38.552522 (437e6fbedfa8762dec75e2c5b3ddb86763dc9dcb),platform=Windows NT 6.1.7601 SP1 x86_64) (WARNING: The server did not provide any stacktrace information)
Command duration or timeout: 0 milliseconds
Build info: version: &amp;apos;3.5.3&amp;apos;, revision: &amp;apos;a88d25fe6b&amp;apos;, time: &amp;apos;2017-08-29T12:42:44.417Z&amp;apos;
System info: host: &amp;apos;NIKITA-PC&amp;apos;, ip: &amp;apos;172.31.98.120&amp;apos;, os.name: &amp;apos;Windows 7&amp;apos;, os.arch: &amp;apos;amd64&amp;apos;, os.version: &amp;apos;6.1&amp;apos;, java.version: &amp;apos;1.8.0_152&amp;apos;
Driver info: org.openqa.selenium.chrome.ChromeDriver
Capabilities [{mobileEmulationEnabled=false, hasTouchScreen=false, platform=XP, acceptSslCerts=false, acceptInsecureCerts=false, webStorageEnabled=true, browserName=chrome, takesScreenshot=true, javascriptEnabled=true, platformName=XP, setWindowRect=true, unexpectedAlertBehaviour=, applicationCacheEnabled=false, rotatable=false, networkConnectionEnabled=false, chrome={chromedriverVersion=2.38.552522 (437e6fbedfa8762dec75e2c5b3ddb86763dc9dcb), userDataDir=d:\temp\scoped_dir8380_248}, takesHeapSnapshot=true, pageLoadStrategy=normal, unhandledPromptBehavior=, databaseEnabled=false, handlesAlerts=true, version=67.0.3396.79, browserConnectionEnabled=false, nativeEvents=true, locationContextEnabled=true, cssSelectorsEnabled=true}]
Session ID: b16bd903249942ac9758f5f7adc7d879">
      <![CDATA[org.openqa.selenium.WebDriverException: unknown error: Element <a class="btn btn-block btn-default" ui-sref="auth.signUp" href="/sign-up.html">...</a> is not clickable at point (517, 476). Other element would receive the click: <div class="cover" ng-class="{'active': $ctrl.isActive}">...</div>  (Session info: chrome=67.0.3396.79)  (Driver info: chromedriver=2.38.552522 (437e6fbedfa8762dec75e2c5b3ddb86763dc9dcb),platform=Windows NT 6.1.7601 SP1 x86_64) (WARNING: The server did not provide any stacktrace information)Command duration or timeout: 0 millisecondsBuild info: version: '3.5.3', revision: 'a88d25fe6b', time: '2017-08-29T12:42:44.417Z'System info: host: 'NIKITA-PC', ip: '172.31.98.120', os.name: 'Windows 7', os.arch: 'amd64', os.version: '6.1', java.version: '1.8.0_152'Driver info: org.openqa.selenium.chrome.ChromeDriverCapabilities [{mobileEmulationEnabled=false, hasTouchScreen=false, platform=XP, acceptSslCerts=false, acceptInsecureCerts=false, webStorageEnabled=true, browserName=chrome, takesScreenshot=true, javascriptEnabled=true, platformName=XP, setWindowRect=true, unexpectedAlertBehaviour=, applicationCacheEnabled=false, rotatable=false, networkConnectionEnabled=false, chrome={chromedriverVersion=2.38.552522 (437e6fbedfa8762dec75e2c5b3ddb86763dc9dcb), userDataDir=d:\temp\scoped_dir8380_248}, takesHeapSnapshot=true, pageLoadStrategy=normal, unhandledPromptBehavior=, databaseEnabled=false, handlesAlerts=true, version=67.0.3396.79, browserConnectionEnabled=false, nativeEvents=true, locationContextEnabled=true, cssSelectorsEnabled=true}]Session ID: b16bd903249942ac9758f5f7adc7d879at org.openqa.selenium.remote.ErrorHandler.createThrowable(ErrorHandler.java:215)at org.openqa.selenium.remote.ErrorHandler.throwIfResponseFailed(ErrorHandler.java:167)at org.openqa.selenium.remote.http.JsonHttpResponseCodec.reconstructValue(JsonHttpResponseCodec.java:40)at org.openqa.selenium.remote.http.AbstractHttpResponseCodec.decode(AbstractHttpResponseCodec.java:82)at org.openqa.selenium.remote.http.AbstractHttpResponseCodec.decode(AbstractHttpResponseCodec.java:45)at org.openqa.selenium.remote.HttpCommandExecutor.execute(HttpCommandExecutor.java:164)at org.openqa.selenium.remote.service.DriverCommandExecutor.execute(DriverCommandExecutor.java:82)at org.openqa.selenium.remote.RemoteWebDriver.execute(RemoteWebDriver.java:646)at org.openqa.selenium.remote.RemoteWebElement.execute(RemoteWebElement.java:275)at org.openqa.selenium.remote.RemoteWebElement.click(RemoteWebElement.java:82)at org.openqa.selenium.support.pagefactory.internal.LocatingElementHandler.invoke(LocatingElementHandler.java:51)at com.sun.proxy.$Proxy8.click(Unknown Source)at pageObjects.LoginPage.clickRegisterNow(LoginPage.java:87)at testNG.TestCasesForLogin.Verify_Register_Now_in_login_page_will_redirect_user_to_the_registration_page(TestCasesForLogin.java:140)... Removed 37 stack frames]]>
    </failure>
  </testcase> <!-- Verify_Register_Now_in_login_page_will_redirect_user_to_the_registration_page -->
</testsuite> <!-- Test -->
