<?xml version="1.0" encoding="UTF-8"?>
<!-- Generated by org.testng.reporters.JUnitXMLReporter -->
<testsuite hostname="Nikita-PC" ignored="0" name="TestCasesForPasswordChange" tests="10" failures="6" timestamp="30 Nov 2017 05:41:22 GMT" time="47.814" errors="0">
  <testcase name="Verify_user_can_navigate_to_Password_Change_page" time="3.065" classname="testNG.TestCasesForPasswordChange"/>
  <testcase name="Verify_user_can_change_password_after_entering_valid_Current_Password_New_Password_and_Confirm_New_Password" time="4.114" classname="testNG.TestCasesForPasswordChange"/>
  <testcase name="Verify_Current_Password_field_cannot_be_blank" time="4.613" classname="testNG.TestCasesForPasswordChange">
    <failure type="java.lang.AssertionError" message="expected null, but was:&amp;lt;[[ChromeDriver: chrome on XP (f1b2bf4e2f35fa1b7089ba331997a0eb)] -&amp;gt; xpath: //button[@class=&amp;apos;confirm&amp;apos;]]&amp;gt;">
      <![CDATA[java.lang.AssertionError: expected null, but was:<[[ChromeDriver: chrome on XP (f1b2bf4e2f35fa1b7089ba331997a0eb)] -> xpath: //button[@class='confirm']]]]><![CDATA[>
	at org.junit.Assert.fail(Assert.java:88)
	at org.junit.Assert.failNotNull(Assert.java:755)
	at org.junit.Assert.assertNull(Assert.java:737)
	at org.junit.Assert.assertNull(Assert.java:747)
	at testNG.TestCasesForPasswordChange.Verify_Current_Password_field_cannot_be_blank(TestCasesForPasswordChange.java:76)
... Removed 25 stack frames]]>
    </failure>
  </testcase> <!-- Verify_Current_Password_field_cannot_be_blank -->
  <testcase name="Verify_New_Password_field_cannot_be_blank" time="3.572" classname="testNG.TestCasesForPasswordChange">
    <failure type="java.lang.AssertionError" message="expected null, but was:&amp;lt;[[ChromeDriver: chrome on XP (f1b2bf4e2f35fa1b7089ba331997a0eb)] -&amp;gt; xpath: //button[@class=&amp;apos;confirm&amp;apos;]]&amp;gt;">
      <![CDATA[java.lang.AssertionError: expected null, but was:<[[ChromeDriver: chrome on XP (f1b2bf4e2f35fa1b7089ba331997a0eb)] -> xpath: //button[@class='confirm']]]]><![CDATA[>
	at org.junit.Assert.fail(Assert.java:88)
	at org.junit.Assert.failNotNull(Assert.java:755)
	at org.junit.Assert.assertNull(Assert.java:737)
	at org.junit.Assert.assertNull(Assert.java:747)
	at testNG.TestCasesForPasswordChange.Verify_New_Password_field_cannot_be_blank(TestCasesForPasswordChange.java:91)
... Removed 25 stack frames]]>
    </failure>
  </testcase> <!-- Verify_New_Password_field_cannot_be_blank -->
  <testcase name="Verify_Confirm_new_password_field_cannot_be_blank" time="3.751" classname="testNG.TestCasesForPasswordChange">
    <failure type="java.lang.AssertionError" message="expected null, but was:&amp;lt;[[ChromeDriver: chrome on XP (f1b2bf4e2f35fa1b7089ba331997a0eb)] -&amp;gt; xpath: //button[@class=&amp;apos;confirm&amp;apos;]]&amp;gt;">
      <![CDATA[java.lang.AssertionError: expected null, but was:<[[ChromeDriver: chrome on XP (f1b2bf4e2f35fa1b7089ba331997a0eb)] -> xpath: //button[@class='confirm']]]]><![CDATA[>
	at org.junit.Assert.fail(Assert.java:88)
	at org.junit.Assert.failNotNull(Assert.java:755)
	at org.junit.Assert.assertNull(Assert.java:737)
	at org.junit.Assert.assertNull(Assert.java:747)
	at testNG.TestCasesForPasswordChange.Verify_Confirm_new_password_field_cannot_be_blank(TestCasesForPasswordChange.java:106)
... Removed 25 stack frames]]>
    </failure>
  </testcase> <!-- Verify_Confirm_new_password_field_cannot_be_blank -->
  <testcase name="Verify_user_cannot_change_password_with_invalid_Current_Password" time="4.088" classname="testNG.TestCasesForPasswordChange">
    <failure type="java.lang.AssertionError" message="expected null, but was:&amp;lt;[[ChromeDriver: chrome on XP (f1b2bf4e2f35fa1b7089ba331997a0eb)] -&amp;gt; xpath: //button[@class=&amp;apos;confirm&amp;apos;]]&amp;gt;">
      <![CDATA[java.lang.AssertionError: expected null, but was:<[[ChromeDriver: chrome on XP (f1b2bf4e2f35fa1b7089ba331997a0eb)] -> xpath: //button[@class='confirm']]]]><![CDATA[>
	at org.junit.Assert.fail(Assert.java:88)
	at org.junit.Assert.failNotNull(Assert.java:755)
	at org.junit.Assert.assertNull(Assert.java:737)
	at org.junit.Assert.assertNull(Assert.java:747)
	at testNG.TestCasesForPasswordChange.Verify_user_cannot_change_password_with_invalid_Current_Password(TestCasesForPasswordChange.java:121)
... Removed 25 stack frames]]>
    </failure>
  </testcase> <!-- Verify_user_cannot_change_password_with_invalid_Current_Password -->
  <testcase name="Verify_Current_password_New_passwor_and_Confirm_password_fields_all_mask_inputs_in_bullets" time="0.279" classname="testNG.TestCasesForPasswordChange"/>
  <testcase name="Verify_New_Password_cannot_be_less_than_6_characters" time="3.657" classname="testNG.TestCasesForPasswordChange">
    <failure type="java.lang.AssertionError" message="expected null, but was:&amp;lt;[[ChromeDriver: chrome on XP (f1b2bf4e2f35fa1b7089ba331997a0eb)] -&amp;gt; xpath: //input[@id=&amp;apos;confirmNewPassword&amp;apos; or @type=&amp;apos;passsword&amp;apos;]]&amp;gt;">
      <![CDATA[java.lang.AssertionError: expected null, but was:<[[ChromeDriver: chrome on XP (f1b2bf4e2f35fa1b7089ba331997a0eb)] -> xpath: //input[@id='confirmNewPassword' or @type='passsword']]]]><![CDATA[>
	at org.junit.Assert.fail(Assert.java:88)
	at org.junit.Assert.failNotNull(Assert.java:755)
	at org.junit.Assert.assertNull(Assert.java:737)
	at org.junit.Assert.assertNull(Assert.java:747)
	at testNG.TestCasesForPasswordChange.Verify_New_Password_cannot_be_less_than_6_characters(TestCasesForPasswordChange.java:156)
... Removed 25 stack frames]]>
    </failure>
  </testcase> <!-- Verify_New_Password_cannot_be_less_than_6_characters -->
  <testcase name="Verify_that_Confirm_New_Password_cannot_mismatch_New_Password" time="4.003" classname="testNG.TestCasesForPasswordChange">
    <failure type="java.lang.AssertionError" message="expected null, but was:&amp;lt;[[ChromeDriver: chrome on XP (f1b2bf4e2f35fa1b7089ba331997a0eb)] -&amp;gt; xpath: //input[@id=&amp;apos;confirmNewPassword&amp;apos; or @type=&amp;apos;passsword&amp;apos;]]&amp;gt;">
      <![CDATA[java.lang.AssertionError: expected null, but was:<[[ChromeDriver: chrome on XP (f1b2bf4e2f35fa1b7089ba331997a0eb)] -> xpath: //input[@id='confirmNewPassword' or @type='passsword']]]]><![CDATA[>
	at org.junit.Assert.fail(Assert.java:88)
	at org.junit.Assert.failNotNull(Assert.java:755)
	at org.junit.Assert.assertNull(Assert.java:737)
	at org.junit.Assert.assertNull(Assert.java:747)
	at testNG.TestCasesForPasswordChange.Verify_that_Confirm_New_Password_cannot_mismatch_New_Password(TestCasesForPasswordChange.java:171)
... Removed 25 stack frames]]>
    </failure>
  </testcase> <!-- Verify_that_Confirm_New_Password_cannot_mismatch_New_Password -->
  <testcase name="Verify_user_cannot_copy_and_cut_values_from_Current_password_New_password_and_Confirm_password_fields" time="5.927" classname="testNG.TestCasesForPasswordChange"/>
</testsuite> <!-- TestCasesForPasswordChange -->
