<?xml version="1.0" encoding="UTF-8"?>
<!-- Generated by org.testng.reporters.JUnitReportReporter -->
<testsuite skipped="0" hostname="Nikita-PC" name="testNG.TestCasesForMyProfile" tests="18" failures="0" timestamp="01 Dec 2017 19:16:14 GMT" time="16.571" errors="1">
  <testcase name="Verify_user_can_navigate_to_My_Profile_page" time="1.288" classname="testNG.TestCasesForMyProfile"/>
  <testcase name="Verify_user_can_change_First_Name" time="0.984" classname="testNG.TestCasesForMyProfile"/>
  <testcase name="Verify_user_can_change_Middle_Initial" time="0.633" classname="testNG.TestCasesForMyProfile"/>
  <testcase name="Verify_user_can_change_Last_Name" time="0.728" classname="testNG.TestCasesForMyProfile"/>
  <testcase name="Verify_user_can_change_Address" time="1.152" classname="testNG.TestCasesForMyProfile"/>
  <testcase name="Verify_user_can_change_Phone_Number" time="0.722" classname="testNG.TestCasesForMyProfile"/>
  <testcase name="Verify_user_can_change_Email" time="2.858" classname="testNG.TestCasesForMyProfile">
    <error type="org.openqa.selenium.TimeoutException" message="Expected condition failed: waiting for element to be clickable: By.xpath: //button[@class=&#039;confirm&#039;] (tried for 2 second(s) with 500 MILLISECONDS interval)
Build info: version: &#039;unknown&#039;, revision: &#039;unknown&#039;, time: &#039;unknown&#039;
System info: host: &#039;NIKITA-PC&#039;, ip: &#039;192.168.1.223&#039;, os.name: &#039;Windows 7&#039;, os.arch: &#039;amd64&#039;, os.version: &#039;6.1&#039;, java.version: &#039;1.8.0_151&#039;
Driver info: org.openqa.selenium.chrome.ChromeDriver
Capabilities [{mobileEmulationEnabled=false, hasTouchScreen=false, platform=XP, acceptSslCerts=true, webStorageEnabled=true, browserName=chrome, takesScreenshot=true, javascriptEnabled=true, platformName=XP, setWindowRect=true, unexpectedAlertBehaviour=, applicationCacheEnabled=false, rotatable=false, networkConnectionEnabled=false, chrome={chromedriverVersion=2.31.488763 (092de99f48a300323ecf8c2a4e2e7cab51de5ba8), userDataDir=C:\Users\ADMINI~1\AppData\Local\Temp\scoped_dir6780_16869}, takesHeapSnapshot=true, pageLoadStrategy=normal, unhandledPromptBehavior=, databaseEnabled=false, handlesAlerts=true, version=62.0.3202.94, browserConnectionEnabled=false, nativeEvents=true, locationContextEnabled=true, cssSelectorsEnabled=true}]
Session ID: 57f453fb37f8954190239f88d6d09ced">
      <![CDATA[org.openqa.selenium.TimeoutException: Expected condition failed: waiting for element to be clickable: By.xpath: //button[@class='confirm'] (tried for 2 second(s) with 500 MILLISECONDS interval)
Build info: version: 'unknown', revision: 'unknown', time: 'unknown'
System info: host: 'NIKITA-PC', ip: '192.168.1.223', os.name: 'Windows 7', os.arch: 'amd64', os.version: '6.1', java.version: '1.8.0_151'
Driver info: org.openqa.selenium.chrome.ChromeDriver
Capabilities [{mobileEmulationEnabled=false, hasTouchScreen=false, platform=XP, acceptSslCerts=true, webStorageEnabled=true, browserName=chrome, takesScreenshot=true, javascriptEnabled=true, platformName=XP, setWindowRect=true, unexpectedAlertBehaviour=, applicationCacheEnabled=false, rotatable=false, networkConnectionEnabled=false, chrome={chromedriverVersion=2.31.488763 (092de99f48a300323ecf8c2a4e2e7cab51de5ba8), userDataDir=C:\Users\ADMINI~1\AppData\Local\Temp\scoped_dir6780_16869}, takesHeapSnapshot=true, pageLoadStrategy=normal, unhandledPromptBehavior=, databaseEnabled=false, handlesAlerts=true, version=62.0.3202.94, browserConnectionEnabled=false, nativeEvents=true, locationContextEnabled=true, cssSelectorsEnabled=true}]
Session ID: 57f453fb37f8954190239f88d6d09ced
	at org.openqa.selenium.support.ui.WebDriverWait.timeoutException(WebDriverWait.java:80)
	at org.openqa.selenium.support.ui.FluentWait.until(FluentWait.java:232)
	at testNG.TestCasesForMyProfile.Verify_user_can_change_Email(TestCasesForMyProfile.java:149)
	at sun.reflect.NativeMethodAccessorImpl.invoke0(Native Method)
	at sun.reflect.NativeMethodAccessorImpl.invoke(Unknown Source)
	at sun.reflect.DelegatingMethodAccessorImpl.invoke(Unknown Source)
	at java.lang.reflect.Method.invoke(Unknown Source)
	at org.testng.internal.MethodInvocationHelper.invokeMethod(MethodInvocationHelper.java:108)
	at org.testng.internal.Invoker.invokeMethod(Invoker.java:669)
	at org.testng.internal.Invoker.invokeTestMethod(Invoker.java:877)
	at org.testng.internal.Invoker.invokeTestMethods(Invoker.java:1201)
	at org.testng.internal.TestMethodWorker.invokeTestMethods(TestMethodWorker.java:125)
	at org.testng.internal.TestMethodWorker.run(TestMethodWorker.java:109)
	at org.testng.TestRunner.privateRun(TestRunner.java:776)
	at org.testng.TestRunner.run(TestRunner.java:634)
	at org.testng.SuiteRunner.runTest(SuiteRunner.java:425)
	at org.testng.SuiteRunner.runSequentially(SuiteRunner.java:420)
	at org.testng.SuiteRunner.privateRun(SuiteRunner.java:385)
	at org.testng.SuiteRunner.run(SuiteRunner.java:334)
	at org.testng.SuiteRunnerWorker.runSuite(SuiteRunnerWorker.java:52)
	at org.testng.SuiteRunnerWorker.run(SuiteRunnerWorker.java:86)
	at org.testng.TestNG.runSuitesSequentially(TestNG.java:1318)
	at org.testng.TestNG.runSuitesLocally(TestNG.java:1243)
	at org.testng.TestNG.runSuites(TestNG.java:1161)
	at org.testng.TestNG.run(TestNG.java:1129)
	at org.testng.remote.AbstractRemoteTestNG.run(AbstractRemoteTestNG.java:114)
	at org.testng.remote.RemoteTestNG.initAndRun(RemoteTestNG.java:251)
	at org.testng.remote.RemoteTestNG.main(RemoteTestNG.java:77)
]]>
    </error>
  </testcase> <!-- Verify_user_can_change_Email -->
  <testcase name="Verify_user_cannot_update_First_Name_with_blank_field" time="0.420" classname="testNG.TestCasesForMyProfile"/>
  <testcase name="Verify_user_cannot_update_Last_Name_with_blank_field" time="0.377" classname="testNG.TestCasesForMyProfile"/>
  <testcase name="Verify_user_cannot_update_Address_with_blank_field" time="0.453" classname="testNG.TestCasesForMyProfile"/>
  <testcase name="Verify_user_cannot_update_Phone_number_with_blank_field" time="0.384" classname="testNG.TestCasesForMyProfile"/>
  <testcase name="Verify_user_cannot_update_Email_with_blank_field" time="0.581" classname="testNG.TestCasesForMyProfile"/>
  <testcase name="Verify_user_cannot_update_Email_with_new_email_in_invalid_format" time="1.852" classname="testNG.TestCasesForMyProfile"/>
  <testcase name="Verify_user_cannot_update_Email_with_different_email_already_existing_within_system" time="0.799" classname="testNG.TestCasesForMyProfile"/>
  <testcase name="Verify_user_cannot_exceed_50_characters_in_First_Name_field" time="1.139" classname="testNG.TestCasesForMyProfile"/>
  <testcase name="Verify_user_cannot_exceed_50_characters_in_Middle_Initial_field" time="0.841" classname="testNG.TestCasesForMyProfile"/>
  <testcase name="Verify_user_cannot_exceed_50_characters_in_Last_Name_field" time="1.084" classname="testNG.TestCasesForMyProfile"/>
  <testcase name="Verify_user_cannot_enter_nonnumerical_characters_in_Phone_Number_field" time="0.276" classname="testNG.TestCasesForMyProfile"/>
</testsuite> <!-- testNG.TestCasesForMyProfile -->
